#
# A fatal error has been detected by the Java Runtime Environment:
#
#  EXCEPTION_ACCESS_VIOLATION (0xc0000005) at pc=0x000000001eafff07, pid=8132, tid=0x00000000000034e8
#
# JRE version: Java(TM) SE Runtime Environment (8.0_191-b12) (build 1.8.0_191-b12)
# Java VM: Java HotSpot(TM) 64-Bit Server VM (25.191-b12 mixed mode windows-amd64 compressed oops)
# Problematic frame:
# C  0x000000001eafff07
#
# Failed to write core dump. Minidumps are not enabled by default on client versions of Windows
#
# If you would like to submit a bug report, please visit:
#   http://bugreport.java.com/bugreport/crash.jsp
# The crash happened outside the Java Virtual Machine in native code.
# See problematic frame for where to report the bug.
#

---------------  T H R E A D  ---------------

Current thread (0x000000001e078800):  JavaThread "main-Display-.windows_nil-1-EDT-1" daemon [_thread_in_native, id=13544, stack(0x000000002b600000,0x000000002b700000)]

siginfo: ExceptionCode=0xc0000005, reading address 0x000000002a257000

Registers:
RAX=0x000000001f9f6cd8, RBX=0x000000001ea10000, RCX=0x00000000000012ca, RDX=0x000000000000060e
RSP=0x000000002b6fe6f0, RBP=0x0000000000000000, RSI=0x000000002a256ff8, RDI=0x0000000000000000
R8 =0x0000000000000000, R9 =0x00000000000018d8, R10=0x000000002bf07040, R11=0x0000000000000000
R12=0x0000000000000000, R13=0x0000000000000000, R14=0x0000000000000000, R15=0x000000001f9e8b60
RIP=0x000000001eafff07, EFLAGS=0x0000000000010202

Top of Stack: (sp=0x000000002b6fe6f0)
0x000000002b6fe6f0:   000000001f4b28d0 0000000000000000
0x000000002b6fe700:   00000000000018d8 000000001ea10000
0x000000002b6fe710:   000000002bf07040 0000000027bf8159
0x000000002b6fe720:   000000001ea10000 000000002bf07040
0x000000002b6fe730:   00000000000018d8 000000001ea10000
0x000000002b6fe740:   000000002b6fe7b0 0000000027c1d0ca
0x000000002b6fe750:   000000002bf07040 000000001ea6c918
0x000000002b6fe760:   0000000000000000 000000002bf07040
0x000000002b6fe770:   00000000000018d8 0000000000000000
0x000000002b6fe780:   000000001ea10000 0000000027bf4a2d
0x000000002b6fe790:   000000001ea10000 0000000000000000
0x000000002b6fe7a0:   00000000267e5110 000000001e078800
0x000000002b6fe7b0:   0000000000000003 0080000000000000
0x000000002b6fe7c0:   00000000ffffffff 00000000277ad16c
0x000000002b6fe7d0:   000000001ea10000 0000000000000001
0x000000002b6fe7e0:   0000000000000000 0000000000000000 

Instructions: (pc=0x000000001eafff07)
0x000000001eaffee7:   d3 a6 1e 00 00 00 00 48 8b 36 48 8b 76 08 48 8d
0x000000001eaffef7:   3c 49 48 8d 34 be 8b 3e 8b 6e 04 89 38 89 68 04
0x000000001eafff07:   8b 7e 08 89 78 08 48 83 c0 0c ff c1 ff ca 75 cd
0x000000001eafff17:   48 8b 7c 24 08 48 8b 74 24 10 48 8b 5c 24 18 48 


Register to memory mapping:

RAX=0x000000001f9f6cd8 is an unknown value
RBX=0x000000001ea10000 is pointing into the stack for thread: 0x000000001deef000
RCX=0x00000000000012ca is an unknown value
RDX=0x000000000000060e is an unknown value
RSP=0x000000002b6fe6f0 is pointing into the stack for thread: 0x000000001e078800
RBP=0x0000000000000000 is an unknown value
RSI=0x000000002a256ff8 is an unknown value
RDI=0x0000000000000000 is an unknown value
R8 =0x0000000000000000 is an unknown value
R9 =0x00000000000018d8 is an unknown value
R10=0x000000002bf07040 is an unknown value
R11=0x0000000000000000 is an unknown value
R12=0x0000000000000000 is an unknown value
R13=0x0000000000000000 is an unknown value
R14=0x0000000000000000 is an unknown value
R15=0x000000001f9e8b60 is an unknown value


Stack: [0x000000002b600000,0x000000002b700000],  sp=0x000000002b6fe6f0,  free space=1017k
Native frames: (J=compiled Java code, j=interpreted, Vv=VM code, C=native code)

Java frames: (J=compiled Java code, j=interpreted, Vv=VM code)
j  jogamp.opengl.gl4.GL4bcImpl.dispatch_glDrawArrays1(IIIJ)V+0
j  jogamp.opengl.gl4.GL4bcImpl.glDrawArrays(III)V+45
j  EventListener.display(Lcom/jogamp/opengl/GLAutoDrawable;)V+66
j  jogamp.opengl.GLDrawableHelper.displayImpl(Lcom/jogamp/opengl/GLAutoDrawable;)V+62
j  jogamp.opengl.GLDrawableHelper.display(Lcom/jogamp/opengl/GLAutoDrawable;)V+2
j  jogamp.opengl.GLAutoDrawableBase$2.run()V+59
j  jogamp.opengl.GLDrawableHelper.invokeGLImpl(Lcom/jogamp/opengl/GLDrawable;Lcom/jogamp/opengl/GLContext;Ljava/lang/Runnable;Ljava/lang/Runnable;)V+203
j  jogamp.opengl.GLDrawableHelper.invokeGL(Lcom/jogamp/opengl/GLDrawable;Lcom/jogamp/opengl/GLContext;Ljava/lang/Runnable;Ljava/lang/Runnable;)V+72
j  com.jogamp.newt.opengl.GLWindow.display()V+90
j  jogamp.opengl.GLAutoDrawableBase.defaultWindowResizedOp(II)V+206
j  com.jogamp.newt.opengl.GLWindow.access$200(Lcom/jogamp/newt/opengl/GLWindow;II)V+3
j  com.jogamp.newt.opengl.GLWindow$2.windowResized(Lcom/jogamp/newt/event/WindowEvent;)V+18
j  jogamp.newt.WindowImpl.consumeWindowEvent(Lcom/jogamp/newt/event/WindowEvent;)V+234
j  jogamp.newt.WindowImpl.sendWindowEvent(I)V+14
j  jogamp.newt.WindowImpl.setVisibleActionImpl(Z)V+691
j  jogamp.newt.WindowImpl$VisibleAction.run()V+8
j  com.jogamp.common.util.RunnableTask.run()V+198
j  jogamp.newt.DefaultEDTUtil$NEDT.run()V+221
v  ~StubRoutines::call_stub

---------------  P R O C E S S  ---------------

Java Threads: ( => current thread )
=>0x000000001e078800 JavaThread "main-Display-.windows_nil-1-EDT-1" daemon [_thread_in_native, id=13544, stack(0x000000002b600000,0x000000002b700000)]
  0x000000001df33800 JavaThread "main-SharedResourceRunner" daemon [_thread_blocked, id=6740, stack(0x0000000026b50000,0x0000000026c50000)]
  0x000000001df35800 JavaThread "AWT-Windows" daemon [_thread_in_native, id=14624, stack(0x000000001eb10000,0x000000001ec10000)]
  0x000000001deef000 JavaThread "Java2D Disposer" daemon [_thread_blocked, id=11244, stack(0x000000001e910000,0x000000001ea10000)]
  0x000000001d38e000 JavaThread "Service Thread" daemon [_thread_blocked, id=14904, stack(0x000000001d980000,0x000000001da80000)]
  0x000000001d381800 JavaThread "C1 CompilerThread2" daemon [_thread_blocked, id=13848, stack(0x000000001d880000,0x000000001d980000)]
  0x000000001d316800 JavaThread "C2 CompilerThread1" daemon [_thread_blocked, id=10596, stack(0x000000001d780000,0x000000001d880000)]
  0x000000001d1c1000 JavaThread "C2 CompilerThread0" daemon [_thread_blocked, id=12368, stack(0x000000001d680000,0x000000001d780000)]
  0x000000001d25d800 JavaThread "Monitor Ctrl-Break" daemon [_thread_in_native, id=5752, stack(0x000000001d580000,0x000000001d680000)]
  0x000000001bb19800 JavaThread "Attach Listener" daemon [_thread_blocked, id=14788, stack(0x000000001d080000,0x000000001d180000)]
  0x000000001bb18800 JavaThread "Signal Dispatcher" daemon [_thread_blocked, id=3832, stack(0x000000001cf80000,0x000000001d080000)]
  0x000000001baff000 JavaThread "Finalizer" daemon [_thread_blocked, id=11364, stack(0x000000001cd70000,0x000000001ce70000)]
  0x0000000002495000 JavaThread "Reference Handler" daemon [_thread_blocked, id=14784, stack(0x000000001cc70000,0x000000001cd70000)]
  0x00000000023a5800 JavaThread "main" [_thread_blocked, id=14056, stack(0x00000000021a0000,0x00000000022a0000)]

Other Threads:
  0x000000001bad8000 VMThread [stack: 0x000000001cb70000,0x000000001cc70000] [id=9328]
  0x000000001d407800 WatcherThread [stack: 0x000000001da80000,0x000000001db80000] [id=392]

VM state:not at safepoint (normal execution)

VM Mutex/Monitor currently owned by a thread: None

Heap:
 PSYoungGen      total 76288K, used 56396K [0x000000076ae00000, 0x0000000770300000, 0x00000007c0000000)
  eden space 65536K, 86% used [0x000000076ae00000,0x000000076e513250,0x000000076ee00000)
  from space 10752K, 0% used [0x000000076f880000,0x000000076f880000,0x0000000770300000)
  to   space 10752K, 0% used [0x000000076ee00000,0x000000076ee00000,0x000000076f880000)
 ParOldGen       total 175104K, used 0K [0x00000006c0a00000, 0x00000006cb500000, 0x000000076ae00000)
  object space 175104K, 0% used [0x00000006c0a00000,0x00000006c0a00000,0x00000006cb500000)
 Metaspace       used 13969K, capacity 14162K, committed 14592K, reserved 1062912K
  class space    used 1340K, capacity 1412K, committed 1536K, reserved 1048576K

Card table byte_map: [0x0000000011860000,0x0000000012060000] byte_map_base: 0x000000000e25b000

Marking Bits: (ParMarkBitMap*) 0x0000000066763e30
 Begin Bits: [0x00000000129c0000, 0x0000000016998000)
 End Bits:   [0x0000000016998000, 0x000000001a970000)

Polling page: 0x00000000003f0000

CodeCache: size=245760Kb used=3580Kb max_used=3589Kb free=242179Kb
 bounds [0x00000000024a0000, 0x0000000002830000, 0x00000000114a0000]
 total_blobs=1643 nmethods=831 adapters=725
 compilation: enabled

Compilation events (10 events):
Event: 2.215 Thread 0x000000001d316800 nmethod 798 0x000000000281e5d0 code [0x000000000281e760, 0x000000000281f658]
Event: 2.215 Thread 0x000000001d316800  811       4       sun.misc.FDBigInteger::cmp (147 bytes)
Event: 2.216 Thread 0x000000001d1c1000 nmethod 809 0x000000000281a750 code [0x000000000281a900, 0x000000000281b690]
Event: 2.216 Thread 0x000000001d1c1000  814       4       java.lang.Character::digit (6 bytes)
Event: 2.217 Thread 0x000000001d1c1000 nmethod 814 0x000000000281c910 code [0x000000000281ca60, 0x000000000281cb78]
Event: 2.217 Thread 0x000000001d1c1000  815       4       java.lang.CharacterDataLatin1::digit (91 bytes)
Event: 2.217 Thread 0x000000001d316800 nmethod 811 0x000000000281c3d0 code [0x000000000281c520, 0x000000000281c798]
Event: 2.217 Thread 0x000000001d316800  816       4       java.util.ArrayList$SubList$1::hasNext (20 bytes)
Event: 2.218 Thread 0x000000001d316800 nmethod 816 0x000000000281c190 code [0x000000000281c2c0, 0x000000000281c358]
Event: 2.218 Thread 0x000000001d1c1000 nmethod 815 0x0000000002821150 code [0x00000000028212a0, 0x00000000028213b8]

GC Heap History (0 events):
No events

Deoptimization events (2 events):
Event: 0.870 Thread 0x00000000023a5800 Uncommon trap: reason=unstable_if action=reinterpret pc=0x00000000025e479c method=java.lang.String.startsWith(Ljava/lang/String;I)Z @ 25
Event: 2.088 Thread 0x00000000023a5800 Uncommon trap: reason=unstable_if action=reinterpret pc=0x0000000002784a74 method=java.lang.reflect.AccessibleObject.setAccessible0(Ljava/lang/reflect/AccessibleObject;Z)V @ 4

Classes redefined (0 events):
No events

Internal exceptions (10 events):
Event: 0.203 Thread 0x00000000023a5800 Exception <a 'java/security/PrivilegedActionException'> (0x000000076b442ec0) thrown at [C:\re\workspace\8-2-build-windows-amd64-cygwin\jdk8u191\11896\hotspot\src\share\vm\prims\jvm.cpp, line 1435]
Event: 0.204 Thread 0x00000000023a5800 Exception <a 'java/security/PrivilegedActionException'> (0x000000076b4430d0) thrown at [C:\re\workspace\8-2-build-windows-amd64-cygwin\jdk8u191\11896\hotspot\src\share\vm\prims\jvm.cpp, line 1435]
Event: 0.204 Thread 0x00000000023a5800 Exception <a 'java/security/PrivilegedActionException'> (0x000000076b446fe0) thrown at [C:\re\workspace\8-2-build-windows-amd64-cygwin\jdk8u191\11896\hotspot\src\share\vm\prims\jvm.cpp, line 1435]
Event: 0.204 Thread 0x00000000023a5800 Exception <a 'java/security/PrivilegedActionException'> (0x000000076b4471f0) thrown at [C:\re\workspace\8-2-build-windows-amd64-cygwin\jdk8u191\11896\hotspot\src\share\vm\prims\jvm.cpp, line 1435]
Event: 0.341 Thread 0x00000000023a5800 Exception <a 'java/io/FileNotFoundException'> (0x000000076b66b138) thrown at [C:\re\workspace\8-2-build-windows-amd64-cygwin\jdk8u191\11896\hotspot\src\share\vm\prims\jni.cpp, line 709]
Event: 0.379 Thread 0x00000000023a5800 Exception <a 'java/lang/NoSuchFieldError': method resolution failed> (0x000000076b930ea0) thrown at [C:\re\workspace\8-2-build-windows-amd64-cygwin\jdk8u191\11896\hotspot\src\share\vm\prims\methodHandles.cpp, line 1167]
Event: 0.380 Thread 0x00000000023a5800 Exception <a 'java/lang/NoSuchFieldError': method resolution failed> (0x000000076b93f0b8) thrown at [C:\re\workspace\8-2-build-windows-amd64-cygwin\jdk8u191\11896\hotspot\src\share\vm\prims\methodHandles.cpp, line 1167]
Event: 0.417 Thread 0x00000000023a5800 Exception <a 'java/io/FileNotFoundException'> (0x000000076babd4d8) thrown at [C:\re\workspace\8-2-build-windows-amd64-cygwin\jdk8u191\11896\hotspot\src\share\vm\prims\jni.cpp, line 709]
Event: 0.448 Thread 0x00000000023a5800 Exception <a 'java/io/FileNotFoundException'> (0x000000076bbfe460) thrown at [C:\re\workspace\8-2-build-windows-amd64-cygwin\jdk8u191\11896\hotspot\src\share\vm\prims\jni.cpp, line 709]
Event: 0.485 Thread 0x00000000023a5800 Exception <a 'java/io/FileNotFoundException'> (0x000000076bcf07d8) thrown at [C:\re\workspace\8-2-build-windows-amd64-cygwin\jdk8u191\11896\hotspot\src\share\vm\prims\jni.cpp, line 709]

Events (10 events):
Event: 2.216 loading class com/jogamp/opengl/glu/GLUnurbs
Event: 2.216 loading class com/jogamp/opengl/glu/GLUnurbs done
Event: 2.216 loading class com/jogamp/opengl/glu/gl2/GLUgl2$1
Event: 2.216 loading class com/jogamp/opengl/glu/gl2/GLUgl2$1 done
Event: 2.216 loading class jogamp/opengl/gl2/ProjectDouble
Event: 2.216 loading class jogamp/opengl/gl2/ProjectDouble done
Event: 2.217 loading class java/nio/DirectDoubleBufferU
Event: 2.217 loading class java/nio/DirectDoubleBufferU done
Event: 2.217 loading class com/jogamp/opengl/math/VectorUtil
Event: 2.217 loading class com/jogamp/opengl/math/VectorUtil done


Dynamic libraries:
0x00007ff76c1d0000 - 0x00007ff76c207000 	C:\Program Files\Java\jdk1.8.0_191\bin\java.exe
0x00007ffbe5cf0000 - 0x00007ffbe5ed1000 	C:\Windows\SYSTEM32\ntdll.dll
0x00007ffbb8690000 - 0x00007ffbb86a2000 	C:\Program Files\AVAST Software\Avast\aswhook.dll
0x00007ffbe3820000 - 0x00007ffbe38d1000 	C:\Windows\System32\KERNEL32.DLL
0x00007ffbe2c10000 - 0x00007ffbe2e83000 	C:\Windows\System32\KERNELBASE.dll
0x00007ffbe5940000 - 0x00007ffbe59e1000 	C:\Windows\System32\ADVAPI32.dll
0x00007ffbe3590000 - 0x00007ffbe362e000 	C:\Windows\System32\msvcrt.dll
0x00007ffbe3a50000 - 0x00007ffbe3aab000 	C:\Windows\System32\sechost.dll
0x00007ffbe3640000 - 0x00007ffbe3764000 	C:\Windows\System32\RPCRT4.dll
0x00007ffbe5250000 - 0x00007ffbe53e0000 	C:\Windows\System32\USER32.dll
0x00007ffbe2980000 - 0x00007ffbe29a0000 	C:\Windows\System32\win32u.dll
0x00007ffbe53e0000 - 0x00007ffbe5408000 	C:\Windows\System32\GDI32.dll
0x00007ffbe2f30000 - 0x00007ffbe30c1000 	C:\Windows\System32\gdi32full.dll
0x00007ffbe2e90000 - 0x00007ffbe2f2f000 	C:\Windows\System32\msvcp_win.dll
0x00007ffbe20c0000 - 0x00007ffbe21b8000 	C:\Windows\System32\ucrtbase.dll
0x00007ffbd3d10000 - 0x00007ffbd3f79000 	C:\Windows\WinSxS\amd64_microsoft.windows.common-controls_6595b64144ccf1df_6.0.17134.829_none_fb46a5473061b9d5\COMCTL32.dll
0x00007ffbe3200000 - 0x00007ffbe3522000 	C:\Windows\System32\combase.dll
0x00007ffbe2b90000 - 0x00007ffbe2c0a000 	C:\Windows\System32\bcryptPrimitives.dll
0x00007ffbe5410000 - 0x00007ffbe543d000 	C:\Windows\System32\IMM32.DLL
0x00000000667f0000 - 0x00000000668c2000 	C:\Program Files\Java\jdk1.8.0_191\jre\bin\msvcr100.dll
0x0000000065f40000 - 0x00000000667e4000 	C:\Program Files\Java\jdk1.8.0_191\jre\bin\server\jvm.dll
0x00007ffbe5890000 - 0x00007ffbe5898000 	C:\Windows\System32\PSAPI.DLL
0x00007ffbd3d00000 - 0x00007ffbd3d09000 	C:\Windows\SYSTEM32\WSOCK32.dll
0x00007ffbe3c30000 - 0x00007ffbe3c9c000 	C:\Windows\System32\WS2_32.dll
0x00007ffbe02b0000 - 0x00007ffbe02d3000 	C:\Windows\SYSTEM32\WINMM.dll
0x00007ffbddb20000 - 0x00007ffbddb2a000 	C:\Windows\SYSTEM32\VERSION.dll
0x00007ffbe0160000 - 0x00007ffbe018a000 	C:\Windows\SYSTEM32\WINMMBASE.dll
0x00007ffbe21c0000 - 0x00007ffbe2209000 	C:\Windows\System32\cfgmgr32.dll
0x0000000065f30000 - 0x0000000065f3f000 	C:\Program Files\Java\jdk1.8.0_191\jre\bin\verify.dll
0x0000000065f00000 - 0x0000000065f29000 	C:\Program Files\Java\jdk1.8.0_191\jre\bin\java.dll
0x0000000065d80000 - 0x0000000065da3000 	C:\Program Files\Java\jdk1.8.0_191\jre\bin\instrument.dll
0x0000000065ee0000 - 0x0000000065ef6000 	C:\Program Files\Java\jdk1.8.0_191\jre\bin\zip.dll
0x00007ffbe3d00000 - 0x00007ffbe5140000 	C:\Windows\System32\SHELL32.dll
0x00007ffbe3770000 - 0x00007ffbe3819000 	C:\Windows\System32\shcore.dll
0x00007ffbe2270000 - 0x00007ffbe297d000 	C:\Windows\System32\windows.storage.dll
0x00007ffbe3ca0000 - 0x00007ffbe3cf1000 	C:\Windows\System32\shlwapi.dll
0x00007ffbe2000000 - 0x00007ffbe2011000 	C:\Windows\System32\kernel.appcore.dll
0x00007ffbe2050000 - 0x00007ffbe206f000 	C:\Windows\System32\profapi.dll
0x00007ffbe2070000 - 0x00007ffbe20bc000 	C:\Windows\System32\powrprof.dll
0x00007ffbe2040000 - 0x00007ffbe204a000 	C:\Windows\System32\FLTLIB.DLL
0x00007ffbd2690000 - 0x00007ffbd26aa000 	C:\Program Files\JetBrains\IntelliJ IDEA 2018.3.1\bin\breakgen64.dll
0x0000000065ec0000 - 0x0000000065eda000 	C:\Program Files\Java\jdk1.8.0_191\jre\bin\net.dll
0x00007ffbe1880000 - 0x00007ffbe18e6000 	C:\Windows\system32\mswsock.dll
0x00007ffbe1a30000 - 0x00007ffbe1a47000 	C:\Windows\SYSTEM32\CRYPTSP.dll
0x00007ffbe1410000 - 0x00007ffbe1443000 	C:\Windows\system32\rsaenh.dll
0x00007ffbe1b60000 - 0x00007ffbe1b85000 	C:\Windows\SYSTEM32\bcrypt.dll
0x00007ffbe1f00000 - 0x00007ffbe1f28000 	C:\Windows\SYSTEM32\USERENV.dll
0x00007ffbe1a50000 - 0x00007ffbe1a5b000 	C:\Windows\SYSTEM32\CRYPTBASE.dll
0x00007ffbe1610000 - 0x00007ffbe1648000 	C:\Windows\SYSTEM32\IPHLPAPI.DLL
0x00007ffbe3a40000 - 0x00007ffbe3a48000 	C:\Windows\System32\NSI.dll
0x00007ffbdd330000 - 0x00007ffbdd346000 	C:\Windows\SYSTEM32\dhcpcsvc6.DLL
0x00007ffbdd070000 - 0x00007ffbdd08a000 	C:\Windows\SYSTEM32\dhcpcsvc.DLL
0x0000000065ea0000 - 0x0000000065eb1000 	C:\Program Files\Java\jdk1.8.0_191\jre\bin\nio.dll
0x00007ffbe03a0000 - 0x00007ffbe042b000 	C:\Windows\system32\apphelp.dll
0x00000000637c0000 - 0x00000000637cd000 	C:\Users\Daniel\AppData\Local\Temp\jogamp_0000\file_cache\jln8664300862754865121\jln1784469865633680636\natives\windows-amd64\gluegen-rt.dll
0x0000000065be0000 - 0x0000000065d79000 	C:\Program Files\Java\jdk1.8.0_191\jre\bin\awt.dll
0x00007ffbe59f0000 - 0x00007ffbe5ab2000 	C:\Windows\System32\OLEAUT32.dll
0x00007ffbe0520000 - 0x00007ffbe05b8000 	C:\Windows\system32\uxtheme.dll
0x00007ffbe3ab0000 - 0x00007ffbe3c23000 	C:\Windows\System32\MSCTF.dll
0x00007ffbe07b0000 - 0x00007ffbe07d9000 	C:\Windows\system32\dwmapi.dll
0x00007ffbe38e0000 - 0x00007ffbe3a31000 	C:\Windows\System32\ole32.dll
0x0000000065bd0000 - 0x0000000065bd7000 	C:\Program Files\Java\jdk1.8.0_191\jre\bin\jawt.dll
0x000000006a440000 - 0x000000006a44d000 	C:\Users\Daniel\AppData\Local\Temp\jogamp_0000\file_cache\jln8664300862754865121\jln1784469865633680636\natives\windows-amd64\nativewindow_awt.dll
0x00007ffbb72c0000 - 0x00007ffbb73e0000 	C:\Windows\system32\opengl32.dll
0x00007ffbc5100000 - 0x00007ffbc512c000 	C:\Windows\SYSTEM32\GLU32.dll
0x00007ffbdbdd0000 - 0x00007ffbdbf67000 	C:\Windows\system32\d3d9.dll
0x00007ffbdb9a0000 - 0x00007ffbdba8e000 	C:\Windows\System32\DriverStore\FileRepository\nv_dispi.inf_amd64_7a8e74171e1b8492\nvldumdx.dll
0x00007ffbe29a0000 - 0x00007ffbe2b82000 	C:\Windows\System32\crypt32.dll
0x00007ffbe2020000 - 0x00007ffbe2032000 	C:\Windows\System32\MSASN1.dll
0x00007ffbe2210000 - 0x00007ffbe2267000 	C:\Windows\System32\WINTRUST.DLL
0x00007ffbe5140000 - 0x00007ffbe515d000 	C:\Windows\System32\imagehlp.dll
0x00007ffb88760000 - 0x00007ffb89b20000 	C:\Windows\System32\DriverStore\FileRepository\nv_dispi.inf_amd64_7a8e74171e1b8492\nvd3dumx.dll
0x00007ffbaf3e0000 - 0x00007ffbaf687000 	C:\Windows\system32\nvspcap64.dll
0x00007ffbd1f10000 - 0x00007ffbd20d9000 	C:\Windows\SYSTEM32\dbghelp.dll
0x00007ffbd1a90000 - 0x00007ffbd1ab9000 	C:\Windows\SYSTEM32\dbgcore.DLL
0x00007ffbe1130000 - 0x00007ffbe1161000 	C:\Windows\SYSTEM32\ntmarta.dll
0x00007ffbe0d50000 - 0x00007ffbe0d72000 	C:\Windows\SYSTEM32\gpapi.dll
0x00007ffbdd5f0000 - 0x00007ffbdd61e000 	C:\Windows\SYSTEM32\cryptnet.dll
0x000000006c100000 - 0x000000006c10f000 	C:\Users\Daniel\AppData\Local\Temp\jogamp_0000\file_cache\jln8664300862754865121\jln1784469865633680636\natives\windows-amd64\nativewindow_win32.dll
0x0000000064500000 - 0x00000000645b1000 	C:\Users\Daniel\AppData\Local\Temp\jogamp_0000\file_cache\jln8664300862754865121\jln1784469865633680636\natives\windows-amd64\jogl_desktop.dll
0x0000000064340000 - 0x00000000643a2000 	C:\Users\Daniel\AppData\Local\Temp\jogamp_0000\file_cache\jln8664300862754865121\jln1784469865633680636\natives\windows-amd64\jogl_mobile.dll
0x0000000026f70000 - 0x0000000029630000 	C:\Windows\System32\DriverStore\FileRepository\nv_dispi.inf_amd64_7a8e74171e1b8492\nvoglv64.dll
0x00007ffbe5440000 - 0x00007ffbe588b000 	C:\Windows\System32\SETUPAPI.dll
0x00007ffbdeba0000 - 0x00007ffbdebb3000 	C:\Windows\SYSTEM32\WTSAPI32.dll
0x00007ffbe1e10000 - 0x00007ffbe1e37000 	C:\Windows\SYSTEM32\DEVOBJ.dll
0x00007ffbe1580000 - 0x00007ffbe15d6000 	C:\Windows\SYSTEM32\WINSTA.dll
0x000000006cbc0000 - 0x000000006cbd3000 	C:\Users\Daniel\AppData\Local\Temp\jogamp_0000\file_cache\jln8664300862754865121\jln1784469865633680636\natives\windows-amd64\newt.dll
0x00007ffbdba90000 - 0x00007ffbdbb38000 	C:\Windows\SYSTEM32\mscms.dll
0x00007ffbe0340000 - 0x00007ffbe0350000 	C:\Windows\SYSTEM32\ColorAdapterClient.dll
0x00007ffbcd470000 - 0x00007ffbcd4b3000 	C:\Windows\SYSTEM32\icm32.dll
0x00007ffbd68b0000 - 0x00007ffbd6946000 	C:\Windows\System32\TextInputFramework.dll
0x00007ffbda520000 - 0x00007ffbda83e000 	C:\Windows\System32\CoreUIComponents.dll
0x00007ffbe0080000 - 0x00007ffbe015a000 	C:\Windows\System32\CoreMessaging.dll
0x00007ffbddbb0000 - 0x00007ffbddcfd000 	C:\Windows\SYSTEM32\wintypes.dll

VM Arguments:
jvm_args: -javaagent:C:\Program Files\JetBrains\IntelliJ IDEA 2018.3.1\lib\idea_rt.jar=58517:C:\Program Files\JetBrains\IntelliJ IDEA 2018.3.1\bin -Dfile.encoding=UTF-8 
java_command: Test
java_class_path (initial): C:\Program Files\Java\jdk1.8.0_191\jre\lib\charsets.jar;C:\Program Files\Java\jdk1.8.0_191\jre\lib\deploy.jar;C:\Program Files\Java\jdk1.8.0_191\jre\lib\ext\access-bridge-64.jar;C:\Program Files\Java\jdk1.8.0_191\jre\lib\ext\cldrdata.jar;C:\Program Files\Java\jdk1.8.0_191\jre\lib\ext\dnsns.jar;C:\Program Files\Java\jdk1.8.0_191\jre\lib\ext\jaccess.jar;C:\Program Files\Java\jdk1.8.0_191\jre\lib\ext\jfxrt.jar;C:\Program Files\Java\jdk1.8.0_191\jre\lib\ext\localedata.jar;C:\Program Files\Java\jdk1.8.0_191\jre\lib\ext\nashorn.jar;C:\Program Files\Java\jdk1.8.0_191\jre\lib\ext\sunec.jar;C:\Program Files\Java\jdk1.8.0_191\jre\lib\ext\sunjce_provider.jar;C:\Program Files\Java\jdk1.8.0_191\jre\lib\ext\sunmscapi.jar;C:\Program Files\Java\jdk1.8.0_191\jre\lib\ext\sunpkcs11.jar;C:\Program Files\Java\jdk1.8.0_191\jre\lib\ext\zipfs.jar;C:\Program Files\Java\jdk1.8.0_191\jre\lib\javaws.jar;C:\Program Files\Java\jdk1.8.0_191\jre\lib\jce.jar;C:\Program Files\Java\jdk1.8.0_191\jre\lib\jfr.jar;C:\Program Files\Java\jdk1.8.0_191\jre\lib\jfxswt.jar;C:\Program Files\Java\jdk1.8.0_191\jre\lib\jsse.jar;C:\Program Files\Java\jdk1.8.0_191\jre\lib\management-agent.jar;C:\Program Files\Java\jdk1.8.0_191\jre\lib\plugin.jar;C:\Program Files\Java\jdk1.8.0_191\jre\lib\resources.jar;C:\Program Files\Java\jdk1.8.0_191\jre\lib\rt.jar;D:\Projects\graphics-opengl\out\production\classes;D:\Projects\graphics-opengl\out\production\resources;C:\Users\Daniel\.gradle\caches\modules-2\files-2.1\org.jetbrains.kotlin\kotlin-stdlib\1.2-M2\4e3e4d6acc1fc89ab126962a4fb7041d4cb09a02\kotlin-stdlib-1.2-M2.jar;C:\Users\Daniel\.gradle\caches\modules-2\files-2.1\com.github.elect86\glm\471c2fd5d2002696e2721dde19fded16c01fab78\f5b0f3acac4fea7fa9b19e37b4b723f5861df20f\glm-471c2fd5d2002696e2721dde19fded16c01fab78.jar;C:\Users\Daniel\.gradle\caches\modules-2\files-2.1\com.github.elect86\uno-sdk\0161a60cd1f9393d419f01660d225a81e0bd45e3\b7be53c5e20016080b6049d9d3072b6e11c49eb5\uno-sdk-0161a60cd1f93
Launcher Type: SUN_STANDARD

Environment Variables:
JAVA_HOME=C:\Program Files\Java\jdk1.8.0_191
PATH=C:\Program Files (x86)\Common Files\Oracle\Java\javapath;C:\Program Files (x86)\Razer Chroma SDK\bin;C:\Program Files\Razer Chroma SDK\bin;C:\Windows\system32;C:\Windows;C:\Windows\System32\Wbem;C:\Windows\System32\WindowsPowerShell\v1.0\;C:\Windows\System32\OpenSSH\;C:\Program Files (x86)\NVIDIA Corporation\PhysX\Common;C:\Program Files\Git\cmd;C:\Users\Daniel\AppData\Local\Microsoft\WindowsApps;C:\Users\Daniel\AppData\Local\Programs\Microsoft VS Code\bin;C:\Users\Daniel\AppData\Roaming\npm;C:\Program Files\apache-maven-3.6.0\bin;C:\Program Files\Java\jdk1.8.0_191\bin;C:\astah-plugin-SDK-1.5\bin;C:\Program Files\dotnet\;C:\Program Files\NVIDIA Corporation\NVIDIA NvDLISR;C:\Program Files (x86)\Yarn\bin\;C:\Program Files\Calibre2\;C:\Users\Daniel\AppData\Roaming\nvm;C:\Program Files\nodejs;C:\Program Files\MongoDB\Server\4.0\bin;C:\Users\Daniel\AppData\Local\Microsoft\WindowsApps;C:\Users\Daniel\AppData\Local\Programs\Microsoft VS Code\bin;C:\Users\Daniel\AppData\Roaming\npm;C:\Users\Daniel\AppData\Local\Yarn\bin;C:\Users\Daniel\AppData\Roaming\nvm;C:\Program Files\nodejs
USERNAME=Daniel
OS=Windows_NT
PROCESSOR_IDENTIFIER=Intel64 Family 6 Model 94 Stepping 3, GenuineIntel



---------------  S Y S T E M  ---------------

OS: Windows 10.0 , 64 bit Build 17134 (10.0.17134.753)

CPU:total 4 (initial active 4) (4 cores per cpu, 1 threads per core) family 6 model 94 stepping 3, cmov, cx8, fxsr, mmx, sse, sse2, sse3, ssse3, sse4.1, sse4.2, popcnt, avx, avx2, aes, clmul, erms, rtm, 3dnowpref, lzcnt, tsc, tscinvbit, bmi1, bmi2, adx

Memory: 4k page, physical 16731488k(10390744k free), swap 19221856k(10446796k free)

vm_info: Java HotSpot(TM) 64-Bit Server VM (25.191-b12) for windows-amd64 JRE (1.8.0_191-b12), built on Oct  6 2018 09:29:03 by "java_re" with MS VC++ 10.0 (VS2010)

time: Wed Jun 26 21:38:25 2019
elapsed time: 2 seconds (0d 0h 0m 2s)

