#
# A fatal error has been detected by the Java Runtime Environment:
#
#  EXCEPTION_ACCESS_VIOLATION (0xc0000005) at pc=0x000000001fa3fefd, pid=12292, tid=0x0000000000001b28
#
# JRE version: Java(TM) SE Runtime Environment (8.0_191-b12) (build 1.8.0_191-b12)
# Java VM: Java HotSpot(TM) 64-Bit Server VM (25.191-b12 mixed mode windows-amd64 compressed oops)
# Problematic frame:
# C  0x000000001fa3fefd
#
# Failed to write core dump. Minidumps are not enabled by default on client versions of Windows
#
# If you would like to submit a bug report, please visit:
#   http://bugreport.java.com/bugreport/crash.jsp
# The crash happened outside the Java Virtual Machine in native code.
# See problematic frame for where to report the bug.
#

---------------  T H R E A D  ---------------

Current thread (0x000000001edf8000):  JavaThread "main-FPSAWTAnimator#00-Timer0" [_thread_in_native, id=6952, stack(0x000000002ddf0000,0x000000002def0000)]

siginfo: ExceptionCode=0xc0000005, reading address 0x000000002af23000

Registers:
RAX=0x0000000021b28cf0, RBX=0x000000001f700000, RCX=0x0000000000000ed4, RDX=0x00000000000002fc
RSP=0x000000002deee860, RBP=0x0000000000000000, RSI=0x000000002af23000, RDI=0x0000000000002c7c
R8 =0x0000000000000000, R9 =0x00000000000011d0, R10=0x000000002defd040, R11=0x000000002deee7a0
R12=0x0000000000000000, R13=0x0000000000000000, R14=0x0000000000000000, R15=0x0000000021b1db00
RIP=0x000000001fa3fefd, EFLAGS=0x0000000000010206

Top of Stack: (sp=0x000000002deee860)
0x000000002deee860:   4a02d7b71359d1a3 0000000000000000
0x000000002deee870:   00000000000011d0 000000001f700000
0x000000002deee880:   000000002defd040 00000000288b8159
0x000000002deee890:   000000001f700000 000000002defd040
0x000000002deee8a0:   00000000000011d0 000000001f700000
0x000000002deee8b0:   e47c533349bbe000 000000002defd040
0x000000002deee8c0:   8f42704d00000001 000000001f75c918
0x000000002deee8d0:   0000000000000000 000000002defd040
0x000000002deee8e0:   00000000000011d0 0000000000000000
0x000000002deee8f0:   000000001f700000 00000000288b4a2d
0x000000002deee900:   000000001f75c900 0000000000000000
0x000000002deee910:   00000000274d5110 000000001edf8000
0x000000002deee920:   0000000000000000 0000000000000000
0x000000002deee930:   0000000000000001 000000002846d16c
0x000000002deee940:   000000001f700000 0000000000000001
0x000000002deee950:   0000000000000000 0000000000000000 

Instructions: (pc=0x000000001fa3fefd)
0x000000001fa3fedd:   c2 49 8b c8 49 8b d1 48 be f0 d3 75 1f 00 00 00
0x000000001fa3feed:   00 48 8b 36 48 8b 76 08 48 8d 3c 49 48 8d 34 be
0x000000001fa3fefd:   8b 3e 8b 6e 04 89 38 89 68 04 8b 7e 08 89 78 08
0x000000001fa3ff0d:   48 83 c0 0c ff c1 ff ca 75 cd 48 8b 7c 24 08 48 


Register to memory mapping:

RAX=0x0000000021b28cf0 is an unknown value
RBX=0x000000001f700000 is an unknown value
RCX=0x0000000000000ed4 is an unknown value
RDX=0x00000000000002fc is an unknown value
RSP=0x000000002deee860 is pointing into the stack for thread: 0x000000001edf8000
RBP=0x0000000000000000 is an unknown value
RSI=0x000000002af23000 is an unknown value
RDI=0x0000000000002c7c is an unknown value
R8 =0x0000000000000000 is an unknown value
R9 =0x00000000000011d0 is an unknown value
R10=0x000000002defd040 is an unknown value
R11=0x000000002deee7a0 is pointing into the stack for thread: 0x000000001edf8000
R12=0x0000000000000000 is an unknown value
R13=0x0000000000000000 is an unknown value
R14=0x0000000000000000 is an unknown value
R15=0x0000000021b1db00 is an unknown value


Stack: [0x000000002ddf0000,0x000000002def0000],  sp=0x000000002deee860,  free space=1018k
Native frames: (J=compiled Java code, j=interpreted, Vv=VM code, C=native code)

Java frames: (J=compiled Java code, j=interpreted, Vv=VM code)
j  jogamp.opengl.gl4.GL4bcImpl.dispatch_glDrawArrays1(IIIJ)V+0
j  jogamp.opengl.gl4.GL4bcImpl.glDrawArrays(III)V+45
j  EventListener.display(Lcom/jogamp/opengl/GLAutoDrawable;)V+66
j  jogamp.opengl.GLDrawableHelper.displayImpl(Lcom/jogamp/opengl/GLAutoDrawable;)V+62
j  jogamp.opengl.GLDrawableHelper.display(Lcom/jogamp/opengl/GLAutoDrawable;)V+2
j  jogamp.opengl.GLAutoDrawableBase$2.run()V+59
j  jogamp.opengl.GLDrawableHelper.invokeGLImpl(Lcom/jogamp/opengl/GLDrawable;Lcom/jogamp/opengl/GLContext;Ljava/lang/Runnable;Ljava/lang/Runnable;)V+203
j  jogamp.opengl.GLDrawableHelper.invokeGL(Lcom/jogamp/opengl/GLDrawable;Lcom/jogamp/opengl/GLContext;Ljava/lang/Runnable;Ljava/lang/Runnable;)V+72
j  com.jogamp.newt.opengl.GLWindow.display()V+90
j  com.jogamp.opengl.util.AWTAnimatorImpl.display(Ljava/util/ArrayList;ZZ)V+68
j  com.jogamp.opengl.util.AnimatorBase.display()V+16
j  com.jogamp.opengl.util.FPSAnimator$MainTask.run()V+216
j  java.util.TimerThread.mainLoop()V+221
j  java.util.TimerThread.run()V+1
v  ~StubRoutines::call_stub

---------------  P R O C E S S  ---------------

Java Threads: ( => current thread )
  0x0000000003075800 JavaThread "DestroyJavaVM" [_thread_blocked, id=13460, stack(0x0000000002e60000,0x0000000002f60000)]
=>0x000000001edf8000 JavaThread "main-FPSAWTAnimator#00-Timer0" [_thread_in_native, id=6952, stack(0x000000002ddf0000,0x000000002def0000)]
  0x000000001ee0e800 JavaThread "main-Display-.windows_nil-1-EDT-1" daemon [_thread_blocked, id=14456, stack(0x000000002c2c0000,0x000000002c3c0000)]
  0x000000001ebef000 JavaThread "main-SharedResourceRunner" daemon [_thread_blocked, id=6224, stack(0x0000000027830000,0x0000000027930000)]
  0x000000001eb7c800 JavaThread "AWT-Windows" daemon [_thread_in_native, id=13008, stack(0x000000001f7e0000,0x000000001f8e0000)]
  0x000000001ec02000 JavaThread "Java2D Disposer" daemon [_thread_blocked, id=14952, stack(0x000000001f5e0000,0x000000001f6e0000)]
  0x000000001e080000 JavaThread "Service Thread" daemon [_thread_blocked, id=9964, stack(0x000000001e650000,0x000000001e750000)]
  0x000000001e036000 JavaThread "C1 CompilerThread2" daemon [_thread_blocked, id=14408, stack(0x000000001e550000,0x000000001e650000)]
  0x000000001dfe4000 JavaThread "C2 CompilerThread1" daemon [_thread_blocked, id=10500, stack(0x000000001e450000,0x000000001e550000)]
  0x000000001dfe3000 JavaThread "C2 CompilerThread0" daemon [_thread_blocked, id=8312, stack(0x000000001e350000,0x000000001e450000)]
  0x000000001df2d000 JavaThread "Monitor Ctrl-Break" daemon [_thread_in_native, id=4124, stack(0x000000001e250000,0x000000001e350000)]
  0x000000001c7ea000 JavaThread "Attach Listener" daemon [_thread_blocked, id=13596, stack(0x000000001dd50000,0x000000001de50000)]
  0x000000001c7e9000 JavaThread "Signal Dispatcher" daemon [_thread_blocked, id=2360, stack(0x000000001dc50000,0x000000001dd50000)]
  0x000000000316a800 JavaThread "Finalizer" daemon [_thread_blocked, id=3440, stack(0x000000001da40000,0x000000001db40000)]
  0x000000001c7ca000 JavaThread "Reference Handler" daemon [_thread_blocked, id=4924, stack(0x000000001d940000,0x000000001da40000)]

Other Threads:
  0x000000001c7a7000 VMThread [stack: 0x000000001d840000,0x000000001d940000] [id=13360]
  0x000000001e0d2800 WatcherThread [stack: 0x000000001e750000,0x000000001e850000] [id=13544]

VM state:not at safepoint (normal execution)

VM Mutex/Monitor currently owned by a thread: None

Heap:
 PSYoungGen      total 76288K, used 59060K [0x000000076ae00000, 0x0000000770300000, 0x00000007c0000000)
  eden space 65536K, 90% used [0x000000076ae00000,0x000000076e7ad320,0x000000076ee00000)
  from space 10752K, 0% used [0x000000076f880000,0x000000076f880000,0x0000000770300000)
  to   space 10752K, 0% used [0x000000076ee00000,0x000000076ee00000,0x000000076f880000)
 ParOldGen       total 175104K, used 0K [0x00000006c0a00000, 0x00000006cb500000, 0x000000076ae00000)
  object space 175104K, 0% used [0x00000006c0a00000,0x00000006c0a00000,0x00000006cb500000)
 Metaspace       used 14150K, capacity 14354K, committed 14592K, reserved 1062912K
  class space    used 1356K, capacity 1412K, committed 1536K, reserved 1048576K

Card table byte_map: [0x0000000012530000,0x0000000012d30000] byte_map_base: 0x000000000ef2b000

Marking Bits: (ParMarkBitMap*) 0x0000000066763e30
 Begin Bits: [0x0000000013690000, 0x0000000017668000)
 End Bits:   [0x0000000017668000, 0x000000001b640000)

Polling page: 0x00000000014a0000

CodeCache: size=245760Kb used=3648Kb max_used=3648Kb free=242111Kb
 bounds [0x0000000003170000, 0x0000000003510000, 0x0000000012170000]
 total_blobs=1698 nmethods=883 adapters=728
 compilation: enabled

Compilation events (10 events):
Event: 4.264 Thread 0x000000001e036000  878       3       java.util.TaskQueue::getMin (7 bytes)
Event: 4.264 Thread 0x000000001e036000 nmethod 878 0x00000000034fe610 code [0x00000000034fe760, 0x00000000034fe8f0]
Event: 4.807 Thread 0x000000001e036000  879       3       jogamp.newt.DisplayImpl$7::run (8 bytes)
Event: 4.807 Thread 0x000000001e036000 nmethod 879 0x00000000034fe9d0 code [0x00000000034feb40, 0x00000000034fed68]
Event: 4.808 Thread 0x000000001e036000  880   !   3       jogamp.newt.DisplayImpl::dispatchMessages (125 bytes)
Event: 4.808 Thread 0x000000001e036000 nmethod 880 0x00000000034fee50 code [0x00000000034ff0a0, 0x00000000034fffd8]
Event: 4.818 Thread 0x000000001e036000  881       3       jogamp.newt.driver.windows.DisplayDriver::dispatchMessagesNative (4 bytes)
Event: 4.818 Thread 0x000000001e036000 nmethod 881 0x0000000003500710 code [0x0000000003500880, 0x0000000003500a08]
Event: 4.848 Thread 0x000000001e036000  883       3       jogamp.newt.DefaultEDTUtil::access$100 (4 bytes)
Event: 4.848 Thread 0x000000001e036000 nmethod 883 0x0000000003500e10 code [0x0000000003500f60, 0x00000000035010b0]

GC Heap History (0 events):
No events

Deoptimization events (2 events):
Event: 0.822 Thread 0x0000000003075800 Uncommon trap: reason=unstable_if action=reinterpret pc=0x00000000032babdc method=java.lang.String.startsWith(Ljava/lang/String;I)Z @ 25
Event: 2.047 Thread 0x0000000003075800 Uncommon trap: reason=unstable_if action=reinterpret pc=0x000000000344e074 method=java.lang.reflect.AccessibleObject.setAccessible0(Ljava/lang/reflect/AccessibleObject;Z)V @ 4

Classes redefined (0 events):
No events

Internal exceptions (10 events):
Event: 0.193 Thread 0x0000000003075800 Exception <a 'java/security/PrivilegedActionException'> (0x000000076b443140) thrown at [C:\re\workspace\8-2-build-windows-amd64-cygwin\jdk8u191\11896\hotspot\src\share\vm\prims\jvm.cpp, line 1435]
Event: 0.193 Thread 0x0000000003075800 Exception <a 'java/security/PrivilegedActionException'> (0x000000076b443350) thrown at [C:\re\workspace\8-2-build-windows-amd64-cygwin\jdk8u191\11896\hotspot\src\share\vm\prims\jvm.cpp, line 1435]
Event: 0.193 Thread 0x0000000003075800 Exception <a 'java/security/PrivilegedActionException'> (0x000000076b447260) thrown at [C:\re\workspace\8-2-build-windows-amd64-cygwin\jdk8u191\11896\hotspot\src\share\vm\prims\jvm.cpp, line 1435]
Event: 0.193 Thread 0x0000000003075800 Exception <a 'java/security/PrivilegedActionException'> (0x000000076b447470) thrown at [C:\re\workspace\8-2-build-windows-amd64-cygwin\jdk8u191\11896\hotspot\src\share\vm\prims\jvm.cpp, line 1435]
Event: 0.340 Thread 0x0000000003075800 Exception <a 'java/io/FileNotFoundException'> (0x000000076b66c208) thrown at [C:\re\workspace\8-2-build-windows-amd64-cygwin\jdk8u191\11896\hotspot\src\share\vm\prims\jni.cpp, line 709]
Event: 0.377 Thread 0x0000000003075800 Exception <a 'java/lang/NoSuchFieldError': method resolution failed> (0x000000076b931f68) thrown at [C:\re\workspace\8-2-build-windows-amd64-cygwin\jdk8u191\11896\hotspot\src\share\vm\prims\methodHandles.cpp, line 1167]
Event: 0.378 Thread 0x0000000003075800 Exception <a 'java/lang/NoSuchFieldError': method resolution failed> (0x000000076b940180) thrown at [C:\re\workspace\8-2-build-windows-amd64-cygwin\jdk8u191\11896\hotspot\src\share\vm\prims\methodHandles.cpp, line 1167]
Event: 0.412 Thread 0x0000000003075800 Exception <a 'java/io/FileNotFoundException'> (0x000000076babe5a0) thrown at [C:\re\workspace\8-2-build-windows-amd64-cygwin\jdk8u191\11896\hotspot\src\share\vm\prims\jni.cpp, line 709]
Event: 0.437 Thread 0x0000000003075800 Exception <a 'java/io/FileNotFoundException'> (0x000000076bbff548) thrown at [C:\re\workspace\8-2-build-windows-amd64-cygwin\jdk8u191\11896\hotspot\src\share\vm\prims\jni.cpp, line 709]
Event: 0.472 Thread 0x0000000003075800 Exception <a 'java/io/FileNotFoundException'> (0x000000076bcf50f8) thrown at [C:\re\workspace\8-2-build-windows-amd64-cygwin\jdk8u191\11896\hotspot\src\share\vm\prims\jni.cpp, line 709]

Events (10 events):
Event: 2.177 loading class com/jogamp/opengl/util/FPSAnimator$MainTask
Event: 2.177 loading class com/jogamp/opengl/util/FPSAnimator$MainTask done
Event: 2.178 Thread 0x0000000003075800 Thread exited: 0x0000000003075800
Event: 2.178 loading class javax/swing/JComponent
Event: 2.178 Thread 0x0000000003075800 Thread added: 0x0000000003075800
Event: 2.178 loading class javax/swing/TransferHandler$HasGetTransferHandler
Event: 2.178 loading class javax/swing/TransferHandler$HasGetTransferHandler done
Event: 2.179 loading class javax/swing/JComponent done
Event: 4.186 Executing VM operation: EnableBiasedLocking
Event: 4.186 Executing VM operation: EnableBiasedLocking done


Dynamic libraries:
0x00007ff76c1d0000 - 0x00007ff76c207000 	C:\Program Files\Java\jdk1.8.0_191\bin\java.exe
0x00007ffbe5cf0000 - 0x00007ffbe5ed1000 	C:\Windows\SYSTEM32\ntdll.dll
0x00007ffbb8690000 - 0x00007ffbb86a2000 	C:\Program Files\AVAST Software\Avast\aswhook.dll
0x00007ffbe3820000 - 0x00007ffbe38d1000 	C:\Windows\System32\KERNEL32.DLL
0x00007ffbe2c10000 - 0x00007ffbe2e83000 	C:\Windows\System32\KERNELBASE.dll
0x00007ffbe5940000 - 0x00007ffbe59e1000 	C:\Windows\System32\ADVAPI32.dll
0x00007ffbe3590000 - 0x00007ffbe362e000 	C:\Windows\System32\msvcrt.dll
0x00007ffbe3a50000 - 0x00007ffbe3aab000 	C:\Windows\System32\sechost.dll
0x00007ffbe3640000 - 0x00007ffbe3764000 	C:\Windows\System32\RPCRT4.dll
0x00007ffbe5250000 - 0x00007ffbe53e0000 	C:\Windows\System32\USER32.dll
0x00007ffbe2980000 - 0x00007ffbe29a0000 	C:\Windows\System32\win32u.dll
0x00007ffbe53e0000 - 0x00007ffbe5408000 	C:\Windows\System32\GDI32.dll
0x00007ffbe2f30000 - 0x00007ffbe30c1000 	C:\Windows\System32\gdi32full.dll
0x00007ffbe2e90000 - 0x00007ffbe2f2f000 	C:\Windows\System32\msvcp_win.dll
0x00007ffbe20c0000 - 0x00007ffbe21b8000 	C:\Windows\System32\ucrtbase.dll
0x00007ffbd3d10000 - 0x00007ffbd3f79000 	C:\Windows\WinSxS\amd64_microsoft.windows.common-controls_6595b64144ccf1df_6.0.17134.829_none_fb46a5473061b9d5\COMCTL32.dll
0x00007ffbe3200000 - 0x00007ffbe3522000 	C:\Windows\System32\combase.dll
0x00007ffbe2b90000 - 0x00007ffbe2c0a000 	C:\Windows\System32\bcryptPrimitives.dll
0x00007ffbe5410000 - 0x00007ffbe543d000 	C:\Windows\System32\IMM32.DLL
0x00000000667f0000 - 0x00000000668c2000 	C:\Program Files\Java\jdk1.8.0_191\jre\bin\msvcr100.dll
0x0000000065f40000 - 0x00000000667e4000 	C:\Program Files\Java\jdk1.8.0_191\jre\bin\server\jvm.dll
0x00007ffbe5890000 - 0x00007ffbe5898000 	C:\Windows\System32\PSAPI.DLL
0x00007ffbd3d00000 - 0x00007ffbd3d09000 	C:\Windows\SYSTEM32\WSOCK32.dll
0x00007ffbe3c30000 - 0x00007ffbe3c9c000 	C:\Windows\System32\WS2_32.dll
0x00007ffbe02b0000 - 0x00007ffbe02d3000 	C:\Windows\SYSTEM32\WINMM.dll
0x00007ffbddb20000 - 0x00007ffbddb2a000 	C:\Windows\SYSTEM32\VERSION.dll
0x00007ffbe0160000 - 0x00007ffbe018a000 	C:\Windows\SYSTEM32\WINMMBASE.dll
0x00007ffbe21c0000 - 0x00007ffbe2209000 	C:\Windows\System32\cfgmgr32.dll
0x0000000065f30000 - 0x0000000065f3f000 	C:\Program Files\Java\jdk1.8.0_191\jre\bin\verify.dll
0x0000000065f00000 - 0x0000000065f29000 	C:\Program Files\Java\jdk1.8.0_191\jre\bin\java.dll
0x0000000065d80000 - 0x0000000065da3000 	C:\Program Files\Java\jdk1.8.0_191\jre\bin\instrument.dll
0x0000000065ee0000 - 0x0000000065ef6000 	C:\Program Files\Java\jdk1.8.0_191\jre\bin\zip.dll
0x00007ffbe3d00000 - 0x00007ffbe5140000 	C:\Windows\System32\SHELL32.dll
0x00007ffbe3770000 - 0x00007ffbe3819000 	C:\Windows\System32\shcore.dll
0x00007ffbe2270000 - 0x00007ffbe297d000 	C:\Windows\System32\windows.storage.dll
0x00007ffbe3ca0000 - 0x00007ffbe3cf1000 	C:\Windows\System32\shlwapi.dll
0x00007ffbe2000000 - 0x00007ffbe2011000 	C:\Windows\System32\kernel.appcore.dll
0x00007ffbe2050000 - 0x00007ffbe206f000 	C:\Windows\System32\profapi.dll
0x00007ffbe2070000 - 0x00007ffbe20bc000 	C:\Windows\System32\powrprof.dll
0x00007ffbe2040000 - 0x00007ffbe204a000 	C:\Windows\System32\FLTLIB.DLL
0x00007ffbdb480000 - 0x00007ffbdb49a000 	C:\Program Files\JetBrains\IntelliJ IDEA 2018.3.1\bin\breakgen64.dll
0x0000000065ec0000 - 0x0000000065eda000 	C:\Program Files\Java\jdk1.8.0_191\jre\bin\net.dll
0x00007ffbe1880000 - 0x00007ffbe18e6000 	C:\Windows\system32\mswsock.dll
0x00007ffbe1a30000 - 0x00007ffbe1a47000 	C:\Windows\SYSTEM32\CRYPTSP.dll
0x00007ffbe1410000 - 0x00007ffbe1443000 	C:\Windows\system32\rsaenh.dll
0x00007ffbe1b60000 - 0x00007ffbe1b85000 	C:\Windows\SYSTEM32\bcrypt.dll
0x00007ffbe1f00000 - 0x00007ffbe1f28000 	C:\Windows\SYSTEM32\USERENV.dll
0x00007ffbe1a50000 - 0x00007ffbe1a5b000 	C:\Windows\SYSTEM32\CRYPTBASE.dll
0x00007ffbe1610000 - 0x00007ffbe1648000 	C:\Windows\SYSTEM32\IPHLPAPI.DLL
0x00007ffbe3a40000 - 0x00007ffbe3a48000 	C:\Windows\System32\NSI.dll
0x00007ffbdd330000 - 0x00007ffbdd346000 	C:\Windows\SYSTEM32\dhcpcsvc6.DLL
0x00007ffbdd070000 - 0x00007ffbdd08a000 	C:\Windows\SYSTEM32\dhcpcsvc.DLL
0x0000000065ea0000 - 0x0000000065eb1000 	C:\Program Files\Java\jdk1.8.0_191\jre\bin\nio.dll
0x00007ffbe03a0000 - 0x00007ffbe042b000 	C:\Windows\system32\apphelp.dll
0x00000000637c0000 - 0x00000000637cd000 	C:\Users\Daniel\AppData\Local\Temp\jogamp_0000\file_cache\jln7763547974688359217\jln8375161698077561067\natives\windows-amd64\gluegen-rt.dll
0x0000000065be0000 - 0x0000000065d79000 	C:\Program Files\Java\jdk1.8.0_191\jre\bin\awt.dll
0x00007ffbe59f0000 - 0x00007ffbe5ab2000 	C:\Windows\System32\OLEAUT32.dll
0x00007ffbe0520000 - 0x00007ffbe05b8000 	C:\Windows\system32\uxtheme.dll
0x00007ffbe3ab0000 - 0x00007ffbe3c23000 	C:\Windows\System32\MSCTF.dll
0x00007ffbe07b0000 - 0x00007ffbe07d9000 	C:\Windows\system32\dwmapi.dll
0x00007ffbe38e0000 - 0x00007ffbe3a31000 	C:\Windows\System32\ole32.dll
0x0000000065bd0000 - 0x0000000065bd7000 	C:\Program Files\Java\jdk1.8.0_191\jre\bin\jawt.dll
0x000000006a440000 - 0x000000006a44d000 	C:\Users\Daniel\AppData\Local\Temp\jogamp_0000\file_cache\jln7763547974688359217\jln8375161698077561067\natives\windows-amd64\nativewindow_awt.dll
0x00007ffbb72c0000 - 0x00007ffbb73e0000 	C:\Windows\system32\opengl32.dll
0x00007ffbc5100000 - 0x00007ffbc512c000 	C:\Windows\SYSTEM32\GLU32.dll
0x00007ffbdbdd0000 - 0x00007ffbdbf67000 	C:\Windows\system32\d3d9.dll
0x00007ffbdb9a0000 - 0x00007ffbdba8e000 	C:\Windows\System32\DriverStore\FileRepository\nv_dispi.inf_amd64_7a8e74171e1b8492\nvldumdx.dll
0x00007ffbe29a0000 - 0x00007ffbe2b82000 	C:\Windows\System32\crypt32.dll
0x00007ffbe2020000 - 0x00007ffbe2032000 	C:\Windows\System32\MSASN1.dll
0x00007ffbe2210000 - 0x00007ffbe2267000 	C:\Windows\System32\WINTRUST.DLL
0x00007ffbe5140000 - 0x00007ffbe515d000 	C:\Windows\System32\imagehlp.dll
0x00007ffb88760000 - 0x00007ffb89b20000 	C:\Windows\System32\DriverStore\FileRepository\nv_dispi.inf_amd64_7a8e74171e1b8492\nvd3dumx.dll
0x00007ffbaf3e0000 - 0x00007ffbaf687000 	C:\Windows\system32\nvspcap64.dll
0x00007ffbd1f10000 - 0x00007ffbd20d9000 	C:\Windows\SYSTEM32\dbghelp.dll
0x00007ffbd1a90000 - 0x00007ffbd1ab9000 	C:\Windows\SYSTEM32\dbgcore.DLL
0x00007ffbe1130000 - 0x00007ffbe1161000 	C:\Windows\SYSTEM32\ntmarta.dll
0x00007ffbe0d50000 - 0x00007ffbe0d72000 	C:\Windows\SYSTEM32\gpapi.dll
0x00007ffbdd5f0000 - 0x00007ffbdd61e000 	C:\Windows\SYSTEM32\cryptnet.dll
0x000000006c100000 - 0x000000006c10f000 	C:\Users\Daniel\AppData\Local\Temp\jogamp_0000\file_cache\jln7763547974688359217\jln8375161698077561067\natives\windows-amd64\nativewindow_win32.dll
0x0000000064500000 - 0x00000000645b1000 	C:\Users\Daniel\AppData\Local\Temp\jogamp_0000\file_cache\jln7763547974688359217\jln8375161698077561067\natives\windows-amd64\jogl_desktop.dll
0x0000000064340000 - 0x00000000643a2000 	C:\Users\Daniel\AppData\Local\Temp\jogamp_0000\file_cache\jln7763547974688359217\jln8375161698077561067\natives\windows-amd64\jogl_mobile.dll
0x0000000027c30000 - 0x000000002a2f0000 	C:\Windows\System32\DriverStore\FileRepository\nv_dispi.inf_amd64_7a8e74171e1b8492\nvoglv64.dll
0x00007ffbe5440000 - 0x00007ffbe588b000 	C:\Windows\System32\SETUPAPI.dll
0x00007ffbdeba0000 - 0x00007ffbdebb3000 	C:\Windows\SYSTEM32\WTSAPI32.dll
0x00007ffbe1e10000 - 0x00007ffbe1e37000 	C:\Windows\SYSTEM32\DEVOBJ.dll
0x00007ffbe1580000 - 0x00007ffbe15d6000 	C:\Windows\SYSTEM32\WINSTA.dll
0x000000006cbc0000 - 0x000000006cbd3000 	C:\Users\Daniel\AppData\Local\Temp\jogamp_0000\file_cache\jln7763547974688359217\jln8375161698077561067\natives\windows-amd64\newt.dll
0x00007ffbdba90000 - 0x00007ffbdbb38000 	C:\Windows\SYSTEM32\mscms.dll
0x00007ffbe0340000 - 0x00007ffbe0350000 	C:\Windows\SYSTEM32\ColorAdapterClient.dll
0x00007ffbcd470000 - 0x00007ffbcd4b3000 	C:\Windows\SYSTEM32\icm32.dll
0x00007ffbd68b0000 - 0x00007ffbd6946000 	C:\Windows\System32\TextInputFramework.dll
0x00007ffbda520000 - 0x00007ffbda83e000 	C:\Windows\System32\CoreUIComponents.dll
0x00007ffbe0080000 - 0x00007ffbe015a000 	C:\Windows\System32\CoreMessaging.dll
0x00007ffbddbb0000 - 0x00007ffbddcfd000 	C:\Windows\SYSTEM32\wintypes.dll

VM Arguments:
jvm_args: -javaagent:C:\Program Files\JetBrains\IntelliJ IDEA 2018.3.1\lib\idea_rt.jar=58551:C:\Program Files\JetBrains\IntelliJ IDEA 2018.3.1\bin -Dfile.encoding=UTF-8 
java_command: Test
java_class_path (initial): C:\Program Files\Java\jdk1.8.0_191\jre\lib\charsets.jar;C:\Program Files\Java\jdk1.8.0_191\jre\lib\deploy.jar;C:\Program Files\Java\jdk1.8.0_191\jre\lib\ext\access-bridge-64.jar;C:\Program Files\Java\jdk1.8.0_191\jre\lib\ext\cldrdata.jar;C:\Program Files\Java\jdk1.8.0_191\jre\lib\ext\dnsns.jar;C:\Program Files\Java\jdk1.8.0_191\jre\lib\ext\jaccess.jar;C:\Program Files\Java\jdk1.8.0_191\jre\lib\ext\jfxrt.jar;C:\Program Files\Java\jdk1.8.0_191\jre\lib\ext\localedata.jar;C:\Program Files\Java\jdk1.8.0_191\jre\lib\ext\nashorn.jar;C:\Program Files\Java\jdk1.8.0_191\jre\lib\ext\sunec.jar;C:\Program Files\Java\jdk1.8.0_191\jre\lib\ext\sunjce_provider.jar;C:\Program Files\Java\jdk1.8.0_191\jre\lib\ext\sunmscapi.jar;C:\Program Files\Java\jdk1.8.0_191\jre\lib\ext\sunpkcs11.jar;C:\Program Files\Java\jdk1.8.0_191\jre\lib\ext\zipfs.jar;C:\Program Files\Java\jdk1.8.0_191\jre\lib\javaws.jar;C:\Program Files\Java\jdk1.8.0_191\jre\lib\jce.jar;C:\Program Files\Java\jdk1.8.0_191\jre\lib\jfr.jar;C:\Program Files\Java\jdk1.8.0_191\jre\lib\jfxswt.jar;C:\Program Files\Java\jdk1.8.0_191\jre\lib\jsse.jar;C:\Program Files\Java\jdk1.8.0_191\jre\lib\management-agent.jar;C:\Program Files\Java\jdk1.8.0_191\jre\lib\plugin.jar;C:\Program Files\Java\jdk1.8.0_191\jre\lib\resources.jar;C:\Program Files\Java\jdk1.8.0_191\jre\lib\rt.jar;D:\Projects\graphics-opengl\out\production\classes;D:\Projects\graphics-opengl\out\production\resources;C:\Users\Daniel\.gradle\caches\modules-2\files-2.1\org.jetbrains.kotlin\kotlin-stdlib\1.2-M2\4e3e4d6acc1fc89ab126962a4fb7041d4cb09a02\kotlin-stdlib-1.2-M2.jar;C:\Users\Daniel\.gradle\caches\modules-2\files-2.1\com.github.elect86\glm\471c2fd5d2002696e2721dde19fded16c01fab78\f5b0f3acac4fea7fa9b19e37b4b723f5861df20f\glm-471c2fd5d2002696e2721dde19fded16c01fab78.jar;C:\Users\Daniel\.gradle\caches\modules-2\files-2.1\com.github.elect86\uno-sdk\0161a60cd1f9393d419f01660d225a81e0bd45e3\b7be53c5e20016080b6049d9d3072b6e11c49eb5\uno-sdk-0161a60cd1f93
Launcher Type: SUN_STANDARD

Environment Variables:
JAVA_HOME=C:\Program Files\Java\jdk1.8.0_191
PATH=C:\Program Files (x86)\Common Files\Oracle\Java\javapath;C:\Program Files (x86)\Razer Chroma SDK\bin;C:\Program Files\Razer Chroma SDK\bin;C:\Windows\system32;C:\Windows;C:\Windows\System32\Wbem;C:\Windows\System32\WindowsPowerShell\v1.0\;C:\Windows\System32\OpenSSH\;C:\Program Files (x86)\NVIDIA Corporation\PhysX\Common;C:\Program Files\Git\cmd;C:\Users\Daniel\AppData\Local\Microsoft\WindowsApps;C:\Users\Daniel\AppData\Local\Programs\Microsoft VS Code\bin;C:\Users\Daniel\AppData\Roaming\npm;C:\Program Files\apache-maven-3.6.0\bin;C:\Program Files\Java\jdk1.8.0_191\bin;C:\astah-plugin-SDK-1.5\bin;C:\Program Files\dotnet\;C:\Program Files\NVIDIA Corporation\NVIDIA NvDLISR;C:\Program Files (x86)\Yarn\bin\;C:\Program Files\Calibre2\;C:\Users\Daniel\AppData\Roaming\nvm;C:\Program Files\nodejs;C:\Program Files\MongoDB\Server\4.0\bin;C:\Users\Daniel\AppData\Local\Microsoft\WindowsApps;C:\Users\Daniel\AppData\Local\Programs\Microsoft VS Code\bin;C:\Users\Daniel\AppData\Roaming\npm;C:\Users\Daniel\AppData\Local\Yarn\bin;C:\Users\Daniel\AppData\Roaming\nvm;C:\Program Files\nodejs
USERNAME=Daniel
OS=Windows_NT
PROCESSOR_IDENTIFIER=Intel64 Family 6 Model 94 Stepping 3, GenuineIntel



---------------  S Y S T E M  ---------------

OS: Windows 10.0 , 64 bit Build 17134 (10.0.17134.753)

CPU:total 4 (initial active 4) (4 cores per cpu, 1 threads per core) family 6 model 94 stepping 3, cmov, cx8, fxsr, mmx, sse, sse2, sse3, ssse3, sse4.1, sse4.2, popcnt, avx, avx2, aes, clmul, erms, rtm, 3dnowpref, lzcnt, tsc, tscinvbit, bmi1, bmi2, adx

Memory: 4k page, physical 16731488k(10379444k free), swap 19221856k(10426920k free)

vm_info: Java HotSpot(TM) 64-Bit Server VM (25.191-b12) for windows-amd64 JRE (1.8.0_191-b12), built on Oct  6 2018 09:29:03 by "java_re" with MS VC++ 10.0 (VS2010)

time: Wed Jun 26 21:39:47 2019
elapsed time: 5 seconds (0d 0h 0m 5s)

